<?xml version="1.0" encoding="UTF-8"?>
<testsuite xmlns:xsi="http://www.w3.org/2001/XMLSchema-instance" xsi:noNamespaceSchemaLocation="https://maven.apache.org/surefire/maven-surefire-plugin/xsd/surefire-test-report-3.0.xsd" version="3.0" name="com.example.myproject.MainTest" time="1.464" tests="3" errors="0" skipped="0" failures="0">
  <properties>
[...]
</properties>
  <testcase name="testSimpleGreet" classname="com.example.myproject.MainTest" time="0.146">
    <system-err><![CDATA[2024.12.05 13:55:59.988 Logging at runtime configured using /workspaces/helidon-demo/target/classes/logging.properties
]]></system-err>
  </testcase>
  <testcase name="testMetricsObserver" classname="com.example.myproject.MainTest" time="0.025"/>
  <testcase name="testGreeting" classname="com.example.myproject.MainTest" time="0.016"/>
</testsuite>